# Logfile created on 2017-05-13 18:48:06 +0000 by logger.rb/56438
[2017-05-13T18:48:06+00:00] INFO: Started chef-zero at chefzero://localhost:8889 with repository at /opt/gitlab/embedded
  One version per cookbook

[2017-05-13T18:48:06+00:00] INFO: Forking chef instance to converge...
[2017-05-13T18:48:06+00:00] INFO: *** Chef 12.12.15 ***
[2017-05-13T18:48:06+00:00] INFO: Platform: x86_64-linux
[2017-05-13T18:48:06+00:00] INFO: Chef-client pid: 25
[2017-05-13T18:48:07+00:00] WARN: unable to detect ipaddress
[2017-05-13T18:48:08+00:00] INFO: HTTP Request Returned 404 Not Found: Object not found: chefzero://localhost:8889/nodes/gitlab.ejemplo.dev
[2017-05-13T18:48:08+00:00] INFO: Setting the run_list to ["recipe[gitlab]"] from CLI options
[2017-05-13T18:48:08+00:00] INFO: Run List is [recipe[gitlab]]
[2017-05-13T18:48:08+00:00] INFO: Run List expands to [gitlab]
[2017-05-13T18:48:08+00:00] INFO: Starting Chef Run for gitlab.ejemplo.dev
[2017-05-13T18:48:08+00:00] INFO: Running start handlers
[2017-05-13T18:48:08+00:00] INFO: Start handlers complete.
[2017-05-13T18:48:08+00:00] INFO: HTTP Request Returned 404 Not Found: Object not found: 
[2017-05-13T18:48:09+00:00] INFO: Loading cookbooks [gitlab@0.0.1, runit@0.14.2, package@0.0.0]
[2017-05-13T18:48:11+00:00] WARN: Skipped selecting an init system because it looks like we are running in a container
[2017-05-13T18:48:11+00:00] INFO: execute[/opt/gitlab/embedded/service/gitlab-shell/bin/gitlab-keys check-permissions] ran successfully
[2017-05-13T18:48:12+00:00] INFO: execute[chown -R root:root /opt/gitlab/embedded/service/gitlab-rails/public] ran successfully
[2017-05-13T18:48:12+00:00] INFO: link[/opt/gitlab/service/redis] created
[2017-05-13T18:48:13+00:00] INFO: link[/opt/gitlab/service/postgresql] created
[2017-05-13T18:48:13+00:00] INFO: bash[migrate gitlab-rails database] running why-run run action to support before action
[2017-05-13T18:48:13+00:00] INFO: link[/opt/gitlab/service/unicorn] created
[2017-05-13T18:48:13+00:00] INFO: link[/opt/gitlab/service/sidekiq] created
[2017-05-13T18:48:13+00:00] INFO: link[/opt/gitlab/service/gitaly] created
[2017-05-13T18:48:13+00:00] INFO: link[/opt/gitlab/service/gitlab-workhorse] created
[2017-05-13T18:48:13+00:00] INFO: link[/opt/gitlab/service/nginx] created
[2017-05-13T18:48:13+00:00] INFO: link[/opt/gitlab/service/logrotate] created
[2017-05-13T18:48:13+00:00] INFO: link[/opt/gitlab/service/prometheus] created
[2017-05-13T18:48:13+00:00] INFO: link[/opt/gitlab/service/node-exporter] created
[2017-05-13T18:48:13+00:00] INFO: link[/opt/gitlab/service/redis-exporter] created
[2017-05-13T18:48:13+00:00] INFO: link[/opt/gitlab/service/postgres-exporter] created
[2017-05-13T18:48:13+00:00] INFO: link[/opt/gitlab/service/gitlab-monitor] created
[2017-05-13T18:48:13+00:00] INFO: Chef Run complete in 5.160648292 seconds
[2017-05-13T18:48:13+00:00] INFO: Running report handlers
[2017-05-13T18:48:13+00:00] INFO: Report handlers complete
